<?xml version="1.0" encoding="UTF-8"?>
<robot generator="Robot 5.0.1 (Python 3.10.7 on win32)" generated="20220926 15:51:26.004" rpa="false" schemaversion="3">
<suite id="s1" name="Googletest" source="C:\Users\00005830\PycharmProjects\Day1Python\MyRobotProject\googletest.robot">
<test id="s1-t1" name="Test_Google_Application" line="7">
<kw name="Open Browser" library="SeleniumLibrary">
<arg>https://www.google.com</arg>
<arg>Chrome</arg>
<doc>Opens a new browser instance to the optional ``url``.</doc>
<msg timestamp="20220926 15:51:26.405" level="INFO">Opening browser 'Chrome' to base url 'https://www.google.com'.</msg>
<status status="PASS" starttime="20220926 15:51:26.405" endtime="20220926 15:51:30.405"/>
</kw>
<kw name="Maximize Browser Window" library="SeleniumLibrary">
<doc>Maximizes current browser window.</doc>
<status status="PASS" starttime="20220926 15:51:30.406" endtime="20220926 15:51:30.523"/>
</kw>
<kw name="Close All Browsers" library="SeleniumLibrary">
<doc>Closes all open browsers and resets the browser cache.</doc>
<status status="PASS" starttime="20220926 15:51:30.523" endtime="20220926 15:51:32.706"/>
</kw>
<status status="PASS" starttime="20220926 15:51:26.405" endtime="20220926 15:51:32.706"/>
</test>
<status status="PASS" starttime="20220926 15:51:26.004" endtime="20220926 15:51:32.706"/>
</suite>
<statistics>
<total>
<stat pass="1" fail="0" skip="0">All Tests</stat>
</total>
<tag>
</tag>
<suite>
<stat pass="1" fail="0" skip="0" id="s1" name="Googletest">Googletest</stat>
</suite>
</statistics>
<errors>
</errors>
</robot>
