<?xml version="1.0" encoding="UTF-8"?>
<robot generator="Robot 5.0.1 (Python 3.10.7 on win32)" generated="20221003 11:43:15.459" rpa="false" schemaversion="3">
<suite id="s1" name="Uploadfile" source="C:\Users\00005830\PycharmProjects\Projectforgithub\Day7\uploadfile.robot">
<test id="s1-t1" name="validate_logo" line="15">
<kw name="Launch_My_Browser" type="SETUP">
<kw name="Open Browser" library="SeleniumLibrary">
<arg>https://the-internet.herokuapp.com/upload</arg>
<arg>Chrome</arg>
<doc>Opens a new browser instance to the optional ``url``.</doc>
<msg timestamp="20221003 11:43:15.748" level="INFO">Opening browser 'Chrome' to base url 'https://the-internet.herokuapp.com/upload'.</msg>
<status status="PASS" starttime="20221003 11:43:15.747" endtime="20221003 11:43:21.288"/>
</kw>
<kw name="Maximize Browser Window" library="SeleniumLibrary">
<doc>Maximizes current browser window.</doc>
<status status="PASS" starttime="20221003 11:43:21.288" endtime="20221003 11:43:21.415"/>
</kw>
<kw name="Sleep" library="BuiltIn">
<arg>2</arg>
<doc>Pauses the test executed for the given time.</doc>
<msg timestamp="20221003 11:43:23.424" level="INFO">Slept 2 seconds</msg>
<status status="PASS" starttime="20221003 11:43:21.415" endtime="20221003 11:43:23.424"/>
</kw>
<status status="PASS" starttime="20221003 11:43:15.747" endtime="20221003 11:43:23.424"/>
</kw>
<kw name="Myimagepath" library="redynamic">
<var>${myimagepath}</var>
<arg>selenium-screenshot-1.png</arg>
<msg timestamp="20221003 11:43:23.425" level="INFO">${myimagepath} = C:\Users\00005830\PycharmProjects\Projectforgithub/Day7/selenium-screenshot-1.png</msg>
<status status="PASS" starttime="20221003 11:43:23.424" endtime="20221003 11:43:23.425"/>
</kw>
<kw name="Choose File" library="SeleniumLibrary">
<arg>file-upload</arg>
<arg>${myimagepath}</arg>
<doc>Inputs the ``file_path`` into the file input field ``locator``.</doc>
<msg timestamp="20221003 11:43:23.427" level="INFO">Sending C:\Users\00005830\PycharmProjects\Projectforgithub\Day7\selenium-screenshot-1.png to browser.</msg>
<status status="PASS" starttime="20221003 11:43:23.426" endtime="20221003 11:43:23.478"/>
</kw>
<kw name="Sleep" library="BuiltIn">
<arg>4</arg>
<doc>Pauses the test executed for the given time.</doc>
<msg timestamp="20221003 11:43:27.480" level="INFO">Slept 4 seconds</msg>
<status status="PASS" starttime="20221003 11:43:23.479" endtime="20221003 11:43:27.480"/>
</kw>
<kw name="Click Element" library="SeleniumLibrary">
<arg>file-submit</arg>
<doc>Click the element identified by ``locator``.</doc>
<msg timestamp="20221003 11:43:27.480" level="INFO">Clicking element 'file-submit'.</msg>
<status status="PASS" starttime="20221003 11:43:27.480" endtime="20221003 11:43:28.701"/>
</kw>
<kw name="Sleep" library="BuiltIn">
<arg>4</arg>
<doc>Pauses the test executed for the given time.</doc>
<msg timestamp="20221003 11:43:32.707" level="INFO">Slept 4 seconds</msg>
<status status="PASS" starttime="20221003 11:43:28.702" endtime="20221003 11:43:32.707"/>
</kw>
<kw name="close_my_browser" type="TEARDOWN">
<kw name="Close All Browsers" library="SeleniumLibrary">
<doc>Closes all open browsers and resets the browser cache.</doc>
<status status="PASS" starttime="20221003 11:43:32.707" endtime="20221003 11:43:34.960"/>
</kw>
<status status="PASS" starttime="20221003 11:43:32.707" endtime="20221003 11:43:34.960"/>
</kw>
<status status="PASS" starttime="20221003 11:43:15.745" endtime="20221003 11:43:34.961"/>
</test>
<status status="PASS" starttime="20221003 11:43:15.463" endtime="20221003 11:43:34.965"/>
</suite>
<statistics>
<total>
<stat pass="1" fail="0" skip="0">All Tests</stat>
</total>
<tag>
</tag>
<suite>
<stat pass="1" fail="0" skip="0" id="s1" name="Uploadfile">Uploadfile</stat>
</suite>
</statistics>
<errors>
</errors>
</robot>
