<?xml version="1.0" encoding="UTF-8"?>
<robot generator="Robot 5.0.1 (Python 3.10.7 on win32)" generated="20220929 11:41:07.570" rpa="false" schemaversion="3">
<suite id="s1" name="Dynamictest" source="C:\Users\00005830\PycharmProjects\Day1Python\Day5robotTesting\dynamictest.robot">
<test id="s1-t1" name="validate_dynamic_web_element" line="15">
<kw name="read_xml_test_data">
<kw name="Readxml" library="redynamic">
<var>${url}</var>
<arg>url</arg>
<msg timestamp="20220929 11:41:07.896" level="INFO">${url} = https://intellipaat.com/</msg>
<status status="PASS" starttime="20220929 11:41:07.891" endtime="20220929 11:41:07.896"/>
</kw>
<kw name="Readxml" library="redynamic">
<var>${browsername}</var>
<arg>browsername</arg>
<msg timestamp="20220929 11:41:07.896" level="INFO">${browsername} = Chrome</msg>
<status status="PASS" starttime="20220929 11:41:07.896" endtime="20220929 11:41:07.896"/>
</kw>
<kw name="Readxml" library="redynamic">
<var>${pop_courses}</var>
<arg>popularcourses</arg>
<msg timestamp="20220929 11:41:07.898" level="INFO">${pop_courses} = Data Science Course,Artificial Intelligence Course,Machine Learning Certification Course,Python Certification</msg>
<status status="PASS" starttime="20220929 11:41:07.896" endtime="20220929 11:41:07.898"/>
</kw>
<kw name="Set Global Variable" library="BuiltIn">
<arg>${url}</arg>
<doc>Makes a variable available globally in all tests and suites.</doc>
<msg timestamp="20220929 11:41:07.899" level="INFO">${url} = https://intellipaat.com/</msg>
<status status="PASS" starttime="20220929 11:41:07.898" endtime="20220929 11:41:07.899"/>
</kw>
<kw name="Set Global Variable" library="BuiltIn">
<arg>${browsername}</arg>
<doc>Makes a variable available globally in all tests and suites.</doc>
<msg timestamp="20220929 11:41:07.899" level="INFO">${browsername} = Chrome</msg>
<status status="PASS" starttime="20220929 11:41:07.899" endtime="20220929 11:41:07.899"/>
</kw>
<kw name="Set Global Variable" library="BuiltIn">
<arg>${pop_courses}</arg>
<doc>Makes a variable available globally in all tests and suites.</doc>
<msg timestamp="20220929 11:41:07.899" level="INFO">${pop_courses} = Data Science Course,Artificial Intelligence Course,Machine Learning Certification Course,Python Certification</msg>
<status status="PASS" starttime="20220929 11:41:07.899" endtime="20220929 11:41:07.899"/>
</kw>
<status status="PASS" starttime="20220929 11:41:07.891" endtime="20220929 11:41:07.899"/>
</kw>
<kw name="Open Browser" library="SeleniumLibrary">
<arg>${url}</arg>
<arg>${browsername}</arg>
<doc>Opens a new browser instance to the optional ``url``.</doc>
<msg timestamp="20220929 11:41:07.900" level="INFO">Opening browser 'Chrome' to base url 'https://intellipaat.com/'.</msg>
<status status="PASS" starttime="20220929 11:41:07.900" endtime="20220929 11:41:52.794"/>
</kw>
<kw name="Sleep" library="BuiltIn">
<arg>2</arg>
<doc>Pauses the test executed for the given time.</doc>
<msg timestamp="20220929 11:41:54.797" level="INFO">Slept 2 seconds</msg>
<status status="PASS" starttime="20220929 11:41:52.795" endtime="20220929 11:41:54.798"/>
</kw>
<kw name="Maximize Browser Window" library="SeleniumLibrary">
<doc>Maximizes current browser window.</doc>
<status status="PASS" starttime="20220929 11:41:54.799" endtime="20220929 11:41:54.962"/>
</kw>
<kw name="Sleep" library="BuiltIn">
<arg>2</arg>
<doc>Pauses the test executed for the given time.</doc>
<msg timestamp="20220929 11:41:56.967" level="INFO">Slept 2 seconds</msg>
<status status="PASS" starttime="20220929 11:41:54.963" endtime="20220929 11:41:56.967"/>
</kw>
<kw name="Split String" library="String">
<var>@{subpopularlinks}</var>
<arg>${pop_courses}</arg>
<arg>,</arg>
<doc>Splits the ``string`` using ``separator`` as a delimiter string.</doc>
<msg timestamp="20220929 11:41:56.972" level="INFO">@{subpopularlinks} = [ Data Science Course | Artificial Intelligence Course | Machine Learning Certification Course | Python Certification ]</msg>
<status status="PASS" starttime="20220929 11:41:56.969" endtime="20220929 11:41:56.972"/>
</kw>
<for flavor="IN">
<var>${ele}</var>
<value>@{subpopularlinks}</value>
<iter>
<var name="${ele}">Data Science Course</var>
<kw name="Log" library="BuiltIn">
<arg>${ele}</arg>
<doc>Logs the given message with the given level.</doc>
<msg timestamp="20220929 11:41:56.977" level="INFO">Data Science Course</msg>
<status status="PASS" starttime="20220929 11:41:56.973" endtime="20220929 11:41:56.977"/>
</kw>
<kw name="Popularcoursessublinkxpath" library="redynamic">
<var>${runtimexpath}</var>
<arg>${ele}</arg>
<msg timestamp="20220929 11:41:56.980" level="INFO">${runtimexpath} = //h4[text()='Popular Courses']/../p[3]/a[text()='Data Science Course']</msg>
<status status="PASS" starttime="20220929 11:41:56.978" endtime="20220929 11:41:56.980"/>
</kw>
<kw name="Log To Console" library="BuiltIn">
<arg>${runtimexpath}</arg>
<doc>Logs the given message to the console.</doc>
<status status="PASS" starttime="20220929 11:41:56.980" endtime="20220929 11:41:56.980"/>
</kw>
<kw name="Wait Until Page Contains Element" library="SeleniumLibrary">
<arg>${runtimexpath}</arg>
<doc>Waits until the element ``locator`` appears on the current page.</doc>
<status status="PASS" starttime="20220929 11:41:56.980" endtime="20220929 11:41:57.038"/>
</kw>
<status status="PASS" starttime="20220929 11:41:56.973" endtime="20220929 11:41:57.038"/>
</iter>
<iter>
<var name="${ele}">Artificial Intelligence Course</var>
<kw name="Log" library="BuiltIn">
<arg>${ele}</arg>
<doc>Logs the given message with the given level.</doc>
<msg timestamp="20220929 11:41:57.040" level="INFO">Artificial Intelligence Course</msg>
<status status="PASS" starttime="20220929 11:41:57.039" endtime="20220929 11:41:57.040"/>
</kw>
<kw name="Popularcoursessublinkxpath" library="redynamic">
<var>${runtimexpath}</var>
<arg>${ele}</arg>
<msg timestamp="20220929 11:41:57.040" level="INFO">${runtimexpath} = //h4[text()='Popular Courses']/../p[3]/a[text()='Artificial Intelligence Course']</msg>
<status status="PASS" starttime="20220929 11:41:57.040" endtime="20220929 11:41:57.040"/>
</kw>
<kw name="Log To Console" library="BuiltIn">
<arg>${runtimexpath}</arg>
<doc>Logs the given message to the console.</doc>
<status status="PASS" starttime="20220929 11:41:57.040" endtime="20220929 11:41:57.042"/>
</kw>
<kw name="Wait Until Page Contains Element" library="SeleniumLibrary">
<arg>${runtimexpath}</arg>
<doc>Waits until the element ``locator`` appears on the current page.</doc>
<status status="PASS" starttime="20220929 11:41:57.043" endtime="20220929 11:41:57.080"/>
</kw>
<status status="PASS" starttime="20220929 11:41:57.039" endtime="20220929 11:41:57.080"/>
</iter>
<iter>
<var name="${ele}">Machine Learning Certification Course</var>
<kw name="Log" library="BuiltIn">
<arg>${ele}</arg>
<doc>Logs the given message with the given level.</doc>
<msg timestamp="20220929 11:41:57.080" level="INFO">Machine Learning Certification Course</msg>
<status status="PASS" starttime="20220929 11:41:57.080" endtime="20220929 11:41:57.080"/>
</kw>
<kw name="Popularcoursessublinkxpath" library="redynamic">
<var>${runtimexpath}</var>
<arg>${ele}</arg>
<msg timestamp="20220929 11:41:57.080" level="INFO">${runtimexpath} = //h4[text()='Popular Courses']/../p[3]/a[text()='Machine Learning Certification Course']</msg>
<status status="PASS" starttime="20220929 11:41:57.080" endtime="20220929 11:41:57.080"/>
</kw>
<kw name="Log To Console" library="BuiltIn">
<arg>${runtimexpath}</arg>
<doc>Logs the given message to the console.</doc>
<status status="PASS" starttime="20220929 11:41:57.080" endtime="20220929 11:41:57.086"/>
</kw>
<kw name="Wait Until Page Contains Element" library="SeleniumLibrary">
<arg>${runtimexpath}</arg>
<doc>Waits until the element ``locator`` appears on the current page.</doc>
<status status="PASS" starttime="20220929 11:41:57.086" endtime="20220929 11:41:57.124"/>
</kw>
<status status="PASS" starttime="20220929 11:41:57.080" endtime="20220929 11:41:57.124"/>
</iter>
<iter>
<var name="${ele}">Python Certification</var>
<kw name="Log" library="BuiltIn">
<arg>${ele}</arg>
<doc>Logs the given message with the given level.</doc>
<msg timestamp="20220929 11:41:57.125" level="INFO">Python Certification</msg>
<status status="PASS" starttime="20220929 11:41:57.124" endtime="20220929 11:41:57.125"/>
</kw>
<kw name="Popularcoursessublinkxpath" library="redynamic">
<var>${runtimexpath}</var>
<arg>${ele}</arg>
<msg timestamp="20220929 11:41:57.127" level="INFO">${runtimexpath} = //h4[text()='Popular Courses']/../p[3]/a[text()='Python Certification']</msg>
<status status="PASS" starttime="20220929 11:41:57.126" endtime="20220929 11:41:57.127"/>
</kw>
<kw name="Log To Console" library="BuiltIn">
<arg>${runtimexpath}</arg>
<doc>Logs the given message to the console.</doc>
<status status="PASS" starttime="20220929 11:41:57.127" endtime="20220929 11:41:57.127"/>
</kw>
<kw name="Wait Until Page Contains Element" library="SeleniumLibrary">
<arg>${runtimexpath}</arg>
<doc>Waits until the element ``locator`` appears on the current page.</doc>
<status status="PASS" starttime="20220929 11:41:57.127" endtime="20220929 11:41:57.161"/>
</kw>
<status status="PASS" starttime="20220929 11:41:57.124" endtime="20220929 11:41:57.161"/>
</iter>
<status status="PASS" starttime="20220929 11:41:56.973" endtime="20220929 11:41:57.161"/>
</for>
<kw name="Close All Browsers" library="SeleniumLibrary">
<doc>Closes all open browsers and resets the browser cache.</doc>
<status status="PASS" starttime="20220929 11:41:57.161" endtime="20220929 11:41:59.448"/>
</kw>
<status status="PASS" starttime="20220929 11:41:07.890" endtime="20220929 11:41:59.449"/>
</test>
<status status="PASS" starttime="20220929 11:41:07.574" endtime="20220929 11:41:59.452"/>
</suite>
<statistics>
<total>
<stat pass="1" fail="0" skip="0">All Tests</stat>
</total>
<tag>
</tag>
<suite>
<stat pass="1" fail="0" skip="0" id="s1" name="Dynamictest">Dynamictest</stat>
</suite>
</statistics>
<errors>
</errors>
</robot>
